<?xml version="1.0" encoding="utf-8"?><testsuites name="pytest tests"><testsuite name="pytest" errors="0" failures="1" skipped="0" tests="13" time="4.856" timestamp="2026-08-15T16:10:23.262728+00:00" hostname="agent-env-a8b38418-d824-4319-97d0-d76bddde71c1"><testcase classname="tests.backend_test.TestProducts" name="test_list_products_public" time="0.501" /><testcase classname="tests.backend_test.TestAuth" name="test_login_admin" time="0.499" /><testcase classname="tests.backend_test.TestProducts" name="test_create_product_unauth" time="0.114" /><testcase classname="tests.backend_test.TestAuth" name="test_login_customer" time="0.425" /><testcase classname="tests.backend_test.TestAuth" name="test_login_invalid" time="0.212" /><testcase classname="tests.backend_test.TestProducts" name="test_create_product_as_customer_forbidden" time="0.666" /><testcase classname="tests.backend_test.TestAuth" name="test_me_admin" time="0.101" /><testcase classname="tests.backend_test.TestAuth" name="test_me_unauth" time="0.140" /><testcase classname="tests.backend_test.TestAuth" name="test_register_new_user" time="0.481"><failure message="AssertionError: assert 'test_4701bf15@example.com' == 'TEST_4701bf15@example.com'&#10;  &#10;  - TEST_4701bf15@example.com&#10;  ? ^^^^&#10;  + test_4701bf15@example.com&#10;  ? ^^^^">backend/tests/backend_test.py:63: in test_register_new_user
    assert data["user"]["email"] == email
E   AssertionError: assert 'test_4701bf15@example.com' == 'TEST_4701bf15@example.com'
E     
E     - TEST_4701bf15@example.com
E     ? ^^^^
E     + test_4701bf15@example.com
E     ? ^^^^</failure></testcase><testcase classname="tests.backend_test.TestProducts" name="test_product_crud_flow" time="1.420" /><testcase classname="tests.backend_test.TestAuth" name="test_register_duplicate" time="0.157" /><testcase classname="tests.backend_test.TestOrders" name="test_create_order_and_stock_decrement" time="1.581" /><testcase classname="tests.backend_test.TestOrders" name="test_empty_cart" time="0.103" /></testsuite></testsuites>